[2025-12-21 10:20:00.678] [ERROR] [API] - GET /api/invalid-endpoint - 404 - 2ms | {"ip":"127.0.0.1"}
[2025-12-21 11:20:12.789] [ERROR] [Express] - Cannot read property 'room' of undefined | {"stack":"TypeError: Cannot read property 'room' of undefined\n    at getRoomStatus (/home/user/server.js:145:23)\n    at Layer.handle [as handle_request] (/node_modules/express/lib/router/layer.js:95:5)","path":"/api/rooms/undefined","method":"GET","body":{},"query":{}}
[2025-12-21 15:45:23.123] [ERROR] [DataRefresh] - Failed to parse course data | {"error":"Unexpected token < in JSON at position 0","url":"https://generalssb-prod.ec.njit.edu/..."}
[2025-12-21 18:30:15.456] [ERROR] [RoomAvailability] - Invalid time format in schedule | {"room":"KUPF 207","time":"invalid","course":"CS101"}
[2025-12-21 14:34:54.159] [ERROR] [DataRefresh] - Failed to fetch NJIT data: No courses found from NJIT site - check HTML structure | {"error":"No courses found from NJIT site - check HTML structure","stack":"Error: No courses found from NJIT site - check HTML structure\n    at fetchCourseSchedule (/home/anabhayan/CampusSpace/server.js:137:13)\n    at process.processTicksAndRejections (node:internal/process/task_queues:95:5)"}
[2025-12-21 14:36:44.180] [ERROR] [DataRefresh] - Failed to fetch NJIT data: No courses found from NJIT site - check HTML structure | {"error":"No courses found from NJIT site - check HTML structure","stack":"Error: No courses found from NJIT site - check HTML structure\n    at fetchCourseSchedule (/home/anabhayan/CampusSpace/server.js:137:13)\n    at process.processTicksAndRejections (node:internal/process/task_queues:95:5)"}
[2025-12-21 14:38:08.117] [ERROR] [DataRefresh] - Failed to fetch NJIT data: No courses found from NJIT site - check HTML structure | {"error":"No courses found from NJIT site - check HTML structure","stack":"Error: No courses found from NJIT site - check HTML structure\n    at fetchCourseSchedule (/home/anabhayan/CampusSpace/server.js:137:13)\n    at process.processTicksAndRejections (node:internal/process/task_queues:95:5)"}
[2025-12-21 14:46:56.000] [ERROR] [[Database] - MongoDB connection failed] - [object Object]
[2025-12-21 14:46:56.000] [ERROR] [[Database] - Mongoose connection error] - [object Object]
[2025-12-21 14:46:56.221] [ERROR] [DataRefresh] - Failed to fetch NJIT data: No courses found from NJIT site - check HTML structure | {"error":"No courses found from NJIT site - check HTML structure","stack":"Error: No courses found from NJIT site - check HTML structure\n    at fetchCourseSchedule (/home/anabhayan/CampusSpace/server.js:141:13)\n    at process.processTicksAndRejections (node:internal/process/task_queues:95:5)"}
[2025-12-21 14:47:49.452] [ERROR] [[Database] - MongoDB connection failed] - [object Object]
[2025-12-21 14:47:49.452] [ERROR] [[Database] - Mongoose connection error] - [object Object]
[2025-12-21 14:47:49.610] [ERROR] [DataRefresh] - Failed to fetch NJIT data: No courses found from NJIT site - check HTML structure | {"error":"No courses found from NJIT site - check HTML structure","stack":"Error: No courses found from NJIT site - check HTML structure\n    at fetchCourseSchedule (/home/anabhayan/CampusSpace/server.js:141:13)\n    at process.processTicksAndRejections (node:internal/process/task_queues:95:5)"}
[2025-12-21 14:48:13.361] [ERROR] [[Database] - MongoDB connection failed] - [object Object]
[2025-12-21 14:48:13.361] [ERROR] [[Database] - Mongoose connection error] - [object Object]
[2025-12-21 14:48:13.486] [ERROR] [DataRefresh] - Failed to fetch NJIT data: No courses found from NJIT site - check HTML structure | {"error":"No courses found from NJIT site - check HTML structure","stack":"Error: No courses found from NJIT site - check HTML structure\n    at fetchCourseSchedule (/home/anabhayan/CampusSpace/server.js:141:13)\n    at process.processTicksAndRejections (node:internal/process/task_queues:95:5)"}
[2025-12-21 14:48:37.498] [ERROR] [[Outlets] - Error retrieving statistics] - [object Object]
[2025-12-21 15:00:01.081] [ERROR] [DataRefresh] - Failed to fetch NJIT data: No courses found from NJIT site - check HTML structure | {"error":"No courses found from NJIT site - check HTML structure","stack":"Error: No courses found from NJIT site - check HTML structure\n    at fetchCourseSchedule (/home/anabhayan/CampusSpace/server.js:141:13)\n    at process.processTicksAndRejections (node:internal/process/task_queues:95:5)"}
[2025-12-21 15:05:47.334] [ERROR] [[DataRefresh] - Authenticated scraping failed, trying basic method] - [object Object]
[2025-12-21 15:05:47.377] [ERROR] [[Database] - MongoDB connection failed] - [object Object]
[2025-12-21 15:05:47.378] [ERROR] [[Database] - Mongoose connection error] - [object Object]
[2025-12-21 15:05:47.557] [ERROR] [DataRefresh] - Failed to fetch NJIT data: No courses found from NJIT site - check HTML structure | {"error":"No courses found from NJIT site - check HTML structure","stack":"Error: No courses found from NJIT site - check HTML structure\n    at fetchCourseSchedule (/home/anabhayan/CampusSpace/server.js:187:13)\n    at process.processTicksAndRejections (node:internal/process/task_queues:95:5)"}
[2025-12-21 15:07:18.132] [ERROR] [[Database] - MongoDB connection failed] - [object Object]
[2025-12-21 15:07:18.133] [ERROR] [[Database] - Mongoose connection error] - [object Object]
[2025-12-21 15:07:18.148] [ERROR] [[NJIT Scraper] - Scraping failed] - [object Object]
[2025-12-21 15:07:18.149] [ERROR] [[DataRefresh] - Authenticated scraping failed, trying basic method] - [object Object]
[2025-12-21 15:07:18.339] [ERROR] [DataRefresh] - Failed to fetch NJIT data: No courses found from NJIT site - check HTML structure | {"error":"No courses found from NJIT site - check HTML structure","stack":"Error: No courses found from NJIT site - check HTML structure\n    at fetchCourseSchedule (/home/anabhayan/CampusSpace/server.js:187:13)\n    at process.processTicksAndRejections (node:internal/process/task_queues:95:5)"}
